c:\users\jack\desktop\nbodysim\x64\debug\vc140.pdb
c:\users\jack\desktop\nbodysim\x64\debug\nbodyparticles.obj
c:\users\jack\desktop\nbodysim\x64\debug\mainwindow.obj
c:\users\jack\desktop\nbodysim\x64\debug\main.obj
c:\users\jack\desktop\nbodysim\x64\debug\glwidget.obj
c:\users\jack\desktop\nbodysim\x64\debug\moc_mainwindow.obj
c:\users\jack\desktop\nbodysim\x64\debug\moc_glwidget.obj
c:\users\jack\desktop\nbodysim\x64\debug\camerarig.obj
c:\users\jack\desktop\nbodysim\generatedfiles\ui_mainwindow.h
c:\users\jack\desktop\nbodysim\debug\moc_glwidget.cpp
c:\users\jack\desktop\nbodysim\debug\moc_mainwindow.cpp
c:\users\jack\desktop\nbodysim\debug\nbodysim.ilk
c:\users\jack\desktop\nbodysim\debug\nbodysim.exe
c:\users\jack\desktop\nbodysim\debug\nbodysim.pdb
c:\users\jack\desktop\nbodysim\x64\debug\particlemethodscuda.cu.cache
c:\users\jack\desktop\nbodysim\x64\debug\particlemethodscuda.cu.obj
c:\users\jack\desktop\nbodysim\x64\debug\hellogl2.tlog\cl.command.1.tlog
c:\users\jack\desktop\nbodysim\x64\debug\hellogl2.tlog\cl.read.1.tlog
c:\users\jack\desktop\nbodysim\x64\debug\hellogl2.tlog\cl.write.1.tlog
c:\users\jack\desktop\nbodysim\x64\debug\hellogl2.tlog\custombuild.command.1.tlog
c:\users\jack\desktop\nbodysim\x64\debug\hellogl2.tlog\custombuild.read.1.tlog
c:\users\jack\desktop\nbodysim\x64\debug\hellogl2.tlog\custombuild.write.1.tlog
c:\users\jack\desktop\nbodysim\x64\debug\hellogl2.tlog\link.command.1.tlog
c:\users\jack\desktop\nbodysim\x64\debug\hellogl2.tlog\link.read.1.tlog
c:\users\jack\desktop\nbodysim\x64\debug\hellogl2.tlog\link.write.1.tlog
